<?xml version="1.0" encoding="UTF-8"?>
<!-- Generated by org.testng.reporters.JUnitReportReporter -->
<testsuite skipped="0" hostname="qa-akotkar" name="com.NewTest" tests="1" failures="0" timestamp="13 Apr 2020 13:24:14 GMT" time="18.115" errors="0">
  <testcase name="testParameter" time="18.115" classname="com.NewTest"/>
</testsuite> <!-- com.NewTest -->
